C:\USERS\IVAN\DOCUMENTS\GITHUB\FLUXX\WIN32_CONSOLE_PROJECT\WIN32_CONSOLE_PROJECT\DEBUG\CARDLIB.OBJ
C:\USERS\IVAN\DOCUMENTS\GITHUB\FLUXX\WIN32_CONSOLE_PROJECT\WIN32_CONSOLE_PROJECT\DEBUG\FLUXXCONTROL.OBJ
C:\USERS\IVAN\DOCUMENTS\GITHUB\FLUXX\WIN32_CONSOLE_PROJECT\WIN32_CONSOLE_PROJECT\DEBUG\FLUXXRULES.OBJ
C:\USERS\IVAN\DOCUMENTS\GITHUB\FLUXX\WIN32_CONSOLE_PROJECT\WIN32_CONSOLE_PROJECT\DEBUG\PLAYER.OBJ
C:\USERS\IVAN\DOCUMENTS\GITHUB\FLUXX\WIN32_CONSOLE_PROJECT\WIN32_CONSOLE_PROJECT\DEBUG\SERVERMB.OBJ
C:\USERS\IVAN\DOCUMENTS\GITHUB\FLUXX\WIN32_CONSOLE_PROJECT\WIN32_CONSOLE_PROJECT\DEBUG\MAIN.OBJ
C:\USERS\IVAN\DOCUMENTS\GITHUB\FLUXX\WIN32_CONSOLE_PROJECT\WIN32_CONSOLE_PROJECT\DEBUG\VC110.PDB
C:\USERS\IVAN\DOCUMENTS\GITHUB\FLUXX\WIN32_CONSOLE_PROJECT\WIN32_CONSOLE_PROJECT\DEBUG\ACTIONCARD.OBJ
C:\USERS\IVAN\DOCUMENTS\GITHUB\FLUXX\WIN32_CONSOLE_PROJECT\DEBUG\WIN32_CONSOLE_PROJECT.ILK
C:\USERS\IVAN\DOCUMENTS\GITHUB\FLUXX\WIN32_CONSOLE_PROJECT\DEBUG\WIN32_CONSOLE_PROJECT.EXE
C:\USERS\IVAN\DOCUMENTS\GITHUB\FLUXX\WIN32_CONSOLE_PROJECT\DEBUG\WIN32_CONSOLE_PROJECT.PDB
C:\Users\Ivan\Documents\GitHub\Fluxx\win32_console_project\win32_console_project\Debug\actioncard.obj
C:\Users\Ivan\Documents\GitHub\Fluxx\win32_console_project\win32_console_project\Debug\cardLib.obj
C:\Users\Ivan\Documents\GitHub\Fluxx\win32_console_project\win32_console_project\Debug\fluxxcontrol.obj
C:\Users\Ivan\Documents\GitHub\Fluxx\win32_console_project\win32_console_project\Debug\fluxxrules.obj
C:\Users\Ivan\Documents\GitHub\Fluxx\win32_console_project\win32_console_project\Debug\main.obj
C:\Users\Ivan\Documents\GitHub\Fluxx\win32_console_project\win32_console_project\Debug\player.obj
C:\Users\Ivan\Documents\GitHub\Fluxx\win32_console_project\win32_console_project\Debug\serverMB.obj
C:\Users\Ivan\Documents\GitHub\Fluxx\win32_console_project\win32_console_project\Debug\cl.command.1.tlog
C:\Users\Ivan\Documents\GitHub\Fluxx\win32_console_project\win32_console_project\Debug\CL.read.1.tlog
C:\Users\Ivan\Documents\GitHub\Fluxx\win32_console_project\win32_console_project\Debug\CL.write.1.tlog
C:\Users\Ivan\Documents\GitHub\Fluxx\win32_console_project\win32_console_project\Debug\link-cvtres.read.1.tlog
C:\Users\Ivan\Documents\GitHub\Fluxx\win32_console_project\win32_console_project\Debug\link-cvtres.write.1.tlog
C:\Users\Ivan\Documents\GitHub\Fluxx\win32_console_project\win32_console_project\Debug\link-rc.read.1.tlog
C:\Users\Ivan\Documents\GitHub\Fluxx\win32_console_project\win32_console_project\Debug\link-rc.write.1.tlog
C:\Users\Ivan\Documents\GitHub\Fluxx\win32_console_project\win32_console_project\Debug\link.6520-cvtres.read.1.tlog
C:\Users\Ivan\Documents\GitHub\Fluxx\win32_console_project\win32_console_project\Debug\link.6520-cvtres.write.1.tlog
C:\Users\Ivan\Documents\GitHub\Fluxx\win32_console_project\win32_console_project\Debug\link.6520-rc.read.1.tlog
C:\Users\Ivan\Documents\GitHub\Fluxx\win32_console_project\win32_console_project\Debug\link.6520-rc.write.1.tlog
C:\Users\Ivan\Documents\GitHub\Fluxx\win32_console_project\win32_console_project\Debug\link.6520.read.1.tlog
C:\Users\Ivan\Documents\GitHub\Fluxx\win32_console_project\win32_console_project\Debug\link.6520.write.1.tlog
C:\Users\Ivan\Documents\GitHub\Fluxx\win32_console_project\win32_console_project\Debug\link.command.1.tlog
C:\Users\Ivan\Documents\GitHub\Fluxx\win32_console_project\win32_console_project\Debug\link.read.1.tlog
C:\Users\Ivan\Documents\GitHub\Fluxx\win32_console_project\win32_console_project\Debug\link.write.1.tlog
C:\Users\Ivan\Documents\GitHub\Fluxx\win32_console_project\win32_console_project\Debug\vc110.idb
C:\Users\Ivan\Documents\GitHub\Fluxx\win32_console_project\win32_console_project\Debug\vc110.pdb
C:\Users\Ivan\Documents\GitHub\Fluxx\win32_console_project\Debug\win32_console_project.pdb
C:\Users\Ivan\Documents\GitHub\Fluxx\win32_console_project\Debug\win32_console_project.exe
C:\Users\Ivan\Documents\GitHub\Fluxx\win32_console_project\Debug\win32_console_project.ilk
